2023-05-12T19:14:24.279Z POST /auth/signin/ -
2023-05-12T19:14:24.481Z GET /api/posts/feed/645e50c80f1e270e54095fe3 -
2023-05-12T19:14:24.489Z GET /api/users/findpeople/645e50c80f1e270e54095fe3 -
2023-05-12T19:14:27.637Z GET /__webpack_hmr -
2023-05-12T19:17:18.159Z GET /auth/signout/ -
2023-05-12T19:17:20.502Z POST /auth/signin/ -
2023-05-12T19:17:20.650Z GET /api/posts/feed/645e50c80f1e270e54095fe3 -
2023-05-12T19:17:20.654Z GET /api/users/findpeople/645e50c80f1e270e54095fe3 -
2023-05-12T19:17:34.776Z GET /__webpack_hmr -
2023-05-12T19:18:09.767Z GET /auth/signout/ -
2023-05-12T19:18:11.347Z POST /auth/signin/ -
2023-05-12T19:18:11.780Z GET /api/posts/feed/645e50c80f1e270e54095fe3 -
2023-05-12T19:18:11.784Z GET /api/users/findpeople/645e50c80f1e270e54095fe3 -
2023-05-12T19:18:26.187Z GET /__webpack_hmr -
2023-05-12T19:18:49.491Z GET /auth/signout/ -
2023-05-12T19:19:06.117Z GET /__webpack_hmr -
2023-05-12T19:19:06.950Z POST /auth/signin/ -
2023-05-12T19:19:07.433Z GET /api/posts/feed/645e50c80f1e270e54095fe3 -
2023-05-12T19:19:07.441Z GET /api/users/findpeople/645e50c80f1e270e54095fe3 -
2023-05-12T19:19:11.137Z GET /auth/signout/ -
2023-05-12T19:19:44.261Z POST /auth/signin/ -
2023-05-12T19:19:46.156Z GET /api/users/defaultphoto -
2023-05-12T19:19:46.209Z GET /api/posts/feed/645e50c80f1e270e54095fe3 -
2023-05-12T19:19:46.212Z GET /api/users/findpeople/645e50c80f1e270e54095fe3 -
